0 info it worked if it ends with ok
1 verbose cli [ '/usr/local/Cellar/node/6.5.0/bin/node',
1 verbose cli   '/usr/local/bin/npm',
1 verbose cli   '--registry=https://registry.npm.taobao.org',
1 verbose cli   '--cache=/Users/yangyafei/.npm/.cache/cnpm',
1 verbose cli   '--disturl=https://npm.taobao.org/dist',
1 verbose cli   '--userconfig=/Users/yangyafei/.cnpmrc',
1 verbose cli   'start' ]
2 info using npm@3.10.3
3 info using node@v6.5.0
4 verbose run-script [ 'prestart', 'start', 'poststart' ]
5 info lifecycle webpack-demos@1.0.0~prestart: webpack-demos@1.0.0
6 silly lifecycle webpack-demos@1.0.0~prestart: no script for prestart, continuing
7 info lifecycle webpack-demos@1.0.0~start: webpack-demos@1.0.0
8 verbose lifecycle webpack-demos@1.0.0~start: unsafe-perm in lifecycle true
9 verbose lifecycle webpack-demos@1.0.0~start: PATH: /usr/local/lib/node_modules/npm/bin/node-gyp-bin:/Users/yangyafei/learn/webpack-demos/node_modules/.bin:/usr/local/Cellar/node/6.5.0/bin:/Users/yangyafei/bin:/usr/local/bin:/usr/local/bin:/usr/bin:/bin:/usr/sbin:/sbin:/usr/local/git/bin:/Users/yangyafei/bin
10 verbose lifecycle webpack-demos@1.0.0~start: CWD: /Users/yangyafei/learn/webpack-demos
11 silly lifecycle webpack-demos@1.0.0~start: Args: [ '-c', 'webpack-dev-server --hot --inline' ]
12 silly lifecycle webpack-demos@1.0.0~start: Returned: code: 1  signal: null
13 info lifecycle webpack-demos@1.0.0~start: Failed to exec start script
14 verbose stack Error: webpack-demos@1.0.0 start: `webpack-dev-server --hot --inline`
14 verbose stack Exit status 1
14 verbose stack     at EventEmitter.<anonymous> (/usr/local/lib/node_modules/npm/lib/utils/lifecycle.js:242:16)
14 verbose stack     at emitTwo (events.js:106:13)
14 verbose stack     at EventEmitter.emit (events.js:191:7)
14 verbose stack     at ChildProcess.<anonymous> (/usr/local/lib/node_modules/npm/lib/utils/spawn.js:40:14)
14 verbose stack     at emitTwo (events.js:106:13)
14 verbose stack     at ChildProcess.emit (events.js:191:7)
14 verbose stack     at maybeClose (internal/child_process.js:877:16)
14 verbose stack     at Process.ChildProcess._handle.onexit (internal/child_process.js:226:5)
15 verbose pkgid webpack-demos@1.0.0
16 verbose cwd /Users/yangyafei/learn/webpack-demos/demo03
17 error Darwin 15.5.0
18 error argv "/usr/local/Cellar/node/6.5.0/bin/node" "/usr/local/bin/npm" "--registry=https://registry.npm.taobao.org" "--cache=/Users/yangyafei/.npm/.cache/cnpm" "--disturl=https://npm.taobao.org/dist" "--userconfig=/Users/yangyafei/.cnpmrc" "start"
19 error node v6.5.0
20 error npm  v3.10.3
21 error code ELIFECYCLE
22 error webpack-demos@1.0.0 start: `webpack-dev-server --hot --inline`
22 error Exit status 1
23 error Failed at the webpack-demos@1.0.0 start script 'webpack-dev-server --hot --inline'.
23 error Make sure you have the latest version of node.js and npm installed.
23 error If you do, this is most likely a problem with the webpack-demos package,
23 error not with npm itself.
23 error Tell the author that this fails on your system:
23 error     webpack-dev-server --hot --inline
23 error You can get information on how to open an issue for this project with:
23 error     npm bugs webpack-demos
23 error Or if that isn't available, you can get their info via:
23 error     npm owner ls webpack-demos
23 error There is likely additional logging output above.
24 verbose exit [ 1, true ]
